{"C:\\xampp\\htdocs\\belajar JS\\dicoding\\latihanjs\\gradeCalculation.js": {"path":"C:\\xampp\\htdocs\\belajar JS\\dicoding\\latihanjs\\gradeCalculation.js","statementMap":{"0":{"start":{"line":1,"column":20},"end":{"line":6,"column":1}},"1":{"start":{"line":2,"column":29},"end":{"line":2,"column":79}},"2":{"start":{"line":2,"column":54},"end":{"line":2,"column":78}},"3":{"start":{"line":3,"column":4},"end":{"line":3,"column":61}},"4":{"start":{"line":3,"column":26},"end":{"line":3,"column":61}},"5":{"start":{"line":4,"column":21},"end":{"line":4,"column":97}},"6":{"start":{"line":4,"column":69},"end":{"line":4,"column":94}},"7":{"start":{"line":5,"column":4},"end":{"line":5,"column":39}},"8":{"start":{"line":8,"column":25},"end":{"line":19,"column":1}},"9":{"start":{"line":9,"column":21},"end":{"line":9,"column":23}},"10":{"start":{"line":10,"column":19},"end":{"line":10,"column":43}},"11":{"start":{"line":12,"column":4},"end":{"line":18,"column":5}},"12":{"start":{"line":13,"column":8},"end":{"line":13,"column":49}},"13":{"start":{"line":14,"column":8},"end":{"line":14,"column":20}},"14":{"start":{"line":16,"column":8},"end":{"line":16,"column":49}},"15":{"start":{"line":17,"column":8},"end":{"line":17,"column":21}},"16":{"start":{"line":21,"column":0},"end":{"line":21,"column":49}}},"fnMap":{"0":{"name":"(anonymous_0)","decl":{"start":{"line":1,"column":20},"end":{"line":1,"column":21}},"loc":{"start":{"line":1,"column":35},"end":{"line":6,"column":1}},"line":1},"1":{"name":"(anonymous_1)","decl":{"start":{"line":2,"column":46},"end":{"line":2,"column":47}},"loc":{"start":{"line":2,"column":54},"end":{"line":2,"column":78}},"line":2},"2":{"name":"(anonymous_2)","decl":{"start":{"line":4,"column":39},"end":{"line":4,"column":40}},"loc":{"start":{"line":4,"column":69},"end":{"line":4,"column":94}},"line":4},"3":{"name":"(anonymous_3)","decl":{"start":{"line":8,"column":25},"end":{"line":8,"column":26}},"loc":{"start":{"line":8,"column":45},"end":{"line":19,"column":1}},"line":8}},"branchMap":{"0":{"loc":{"start":{"line":3,"column":4},"end":{"line":3,"column":61}},"type":"if","locations":[{"start":{"line":3,"column":4},"end":{"line":3,"column":61}},{"start":{"line":3,"column":4},"end":{"line":3,"column":61}}],"line":3},"1":{"loc":{"start":{"line":12,"column":4},"end":{"line":18,"column":5}},"type":"if","locations":[{"start":{"line":12,"column":4},"end":{"line":18,"column":5}},{"start":{"line":12,"column":4},"end":{"line":18,"column":5}}],"line":12}},"s":{"0":1,"1":1,"2":4,"3":1,"4":0,"5":1,"6":4,"7":1,"8":1,"9":0,"10":0,"11":0,"12":0,"13":0,"14":0,"15":0,"16":1},"f":{"0":1,"1":4,"2":4,"3":0},"b":{"0":[0,1],"1":[0,0]},"_coverageSchema":"1a1c01bbd47fc00a2c39e90264f33305004495a9","hash":"a39dd6226beaf78ed58ac3a619b2e0c00a733720"}
}
